{"/home/alex/School/fall-23/CEN4010/dev/TicTacToe/src/App.tsx": {"path":"/home/alex/School/fall-23/CEN4010/dev/TicTacToe/src/App.tsx","statementMap":{"0":{"start":{"line":7,"column":2},"end":{"line":13,"column":null}}},"fnMap":{"0":{"name":"App","decl":{"start":{"line":6,"column":9},"end":{"line":6,"column":15}},"loc":{"start":{"line":6,"column":15},"end":{"line":15,"column":null}}}},"branchMap":{},"s":{"0":1},"f":{"0":1},"b":{}}
,"/home/alex/School/fall-23/CEN4010/dev/TicTacToe/src/constants.ts": {"path":"/home/alex/School/fall-23/CEN4010/dev/TicTacToe/src/constants.ts","statementMap":{"0":{"start":{"line":1,"column":27},"end":{"line":1,"column":null}},"1":{"start":{"line":2,"column":26},"end":{"line":2,"column":null}},"2":{"start":{"line":3,"column":26},"end":{"line":3,"column":null}},"3":{"start":{"line":5,"column":7},"end":{"line":5,"column":null}},"4":{"start":{"line":6,"column":2},"end":{"line":6,"column":null}},"5":{"start":{"line":7,"column":2},"end":{"line":7,"column":null}},"6":{"start":{"line":8,"column":2},"end":{"line":8,"column":null}},"7":{"start":{"line":5,"column":12},"end":{"line":5,"column":null}},"8":{"start":{"line":10,"column":7},"end":{"line":10,"column":null}},"9":{"start":{"line":11,"column":2},"end":{"line":11,"column":14}},"10":{"start":{"line":12,"column":2},"end":{"line":12,"column":8}},"11":{"start":{"line":13,"column":2},"end":{"line":13,"column":11}},"12":{"start":{"line":14,"column":2},"end":{"line":14,"column":null}},"13":{"start":{"line":15,"column":2},"end":{"line":15,"column":null}},"14":{"start":{"line":10,"column":12},"end":{"line":10,"column":null}}},"fnMap":{"0":{"name":"(anonymous_0)","decl":{"start":{"line":5,"column":7},"end":{"line":5,"column":12}},"loc":{"start":{"line":5,"column":7},"end":{"line":5,"column":null}}},"1":{"name":"(anonymous_1)","decl":{"start":{"line":10,"column":7},"end":{"line":10,"column":12}},"loc":{"start":{"line":10,"column":7},"end":{"line":10,"column":null}}}},"branchMap":{"0":{"loc":{"start":{"line":5,"column":12},"end":{"line":5,"column":null}},"type":"binary-expr","locations":[{"start":{"line":5,"column":12},"end":{"line":5,"column":null}},{"start":{"line":5,"column":12},"end":{"line":5,"column":null}}]},"1":{"loc":{"start":{"line":10,"column":12},"end":{"line":10,"column":null}},"type":"binary-expr","locations":[{"start":{"line":10,"column":12},"end":{"line":10,"column":null}},{"start":{"line":10,"column":12},"end":{"line":10,"column":null}}]}},"s":{"0":5,"1":5,"2":5,"3":5,"4":5,"5":5,"6":5,"7":5,"8":5,"9":5,"10":5,"11":5,"12":5,"13":5,"14":5},"f":{"0":5,"1":5},"b":{"0":[5,5],"1":[5,5]}}
,"/home/alex/School/fall-23/CEN4010/dev/TicTacToe/src/main.tsx": {"path":"/home/alex/School/fall-23/CEN4010/dev/TicTacToe/src/main.tsx","statementMap":{"0":{"start":{"line":6,"column":0},"end":{"line":10,"column":null}}},"fnMap":{},"branchMap":{},"s":{"0":0},"f":{},"b":{}}
,"/home/alex/School/fall-23/CEN4010/dev/TicTacToe/src/components/Board.tsx": {"path":"/home/alex/School/fall-23/CEN4010/dev/TicTacToe/src/components/Board.tsx","statementMap":{"0":{"start":{"line":11,"column":37},"end":{"line":38,"column":null}},"1":{"start":{"line":12,"column":21},"end":{"line":12,"column":null}},"2":{"start":{"line":13,"column":15},"end":{"line":15,"column":null}},"3":{"start":{"line":14,"column":4},"end":{"line":14,"column":null}},"4":{"start":{"line":16,"column":2},"end":{"line":36,"column":null}},"5":{"start":{"line":20,"column":10},"end":{"line":33,"column":null}},"6":{"start":{"line":25,"column":14},"end":{"line":31,"column":null}}},"fnMap":{"0":{"name":"(anonymous_0)","decl":{"start":{"line":11,"column":37},"end":{"line":11,"column":38}},"loc":{"start":{"line":11,"column":73},"end":{"line":38,"column":null}}},"1":{"name":"(anonymous_1)","decl":{"start":{"line":13,"column":50},"end":{"line":13,"column":51}},"loc":{"start":{"line":14,"column":4},"end":{"line":14,"column":null}}},"2":{"name":"(anonymous_2)","decl":{"start":{"line":19,"column":18},"end":{"line":19,"column":19}},"loc":{"start":{"line":20,"column":10},"end":{"line":33,"column":null}}},"3":{"name":"(anonymous_3)","decl":{"start":{"line":24,"column":21},"end":{"line":24,"column":22}},"loc":{"start":{"line":25,"column":14},"end":{"line":31,"column":null}}}},"branchMap":{},"s":{"0":1,"1":1,"2":1,"3":3,"4":1,"5":3,"6":9},"f":{"0":1,"1":3,"2":3,"3":9},"b":{}}
,"/home/alex/School/fall-23/CEN4010/dev/TicTacToe/src/components/GameOverScreen.tsx": {"path":"/home/alex/School/fall-23/CEN4010/dev/TicTacToe/src/components/GameOverScreen.tsx","statementMap":{"0":{"start":{"line":9,"column":55},"end":{"line":34,"column":null}},"1":{"start":{"line":13,"column":2},"end":{"line":32,"column":null}}},"fnMap":{"0":{"name":"(anonymous_0)","decl":{"start":{"line":9,"column":55},"end":{"line":9,"column":56}},"loc":{"start":{"line":12,"column":6},"end":{"line":34,"column":null}}}},"branchMap":{"0":{"loc":{"start":{"line":13,"column":9},"end":{"line":32,"column":null}},"type":"cond-expr","locations":[{"start":{"line":13,"column":34},"end":{"line":13,"column":null}},{"start":{"line":14,"column":4},"end":{"line":32,"column":null}}]},"1":{"loc":{"start":{"line":17,"column":11},"end":{"line":17,"column":null}},"type":"binary-expr","locations":[{"start":{"line":17,"column":11},"end":{"line":17,"column":49}},{"start":{"line":17,"column":49},"end":{"line":17,"column":null}}]},"2":{"loc":{"start":{"line":18,"column":11},"end":{"line":18,"column":null}},"type":"binary-expr","locations":[{"start":{"line":18,"column":11},"end":{"line":18,"column":43}},{"start":{"line":18,"column":43},"end":{"line":18,"column":null}}]},"3":{"loc":{"start":{"line":18,"column":51},"end":{"line":22,"column":null}},"type":"binary-expr","locations":[{"start":{"line":19,"column":12},"end":{"line":19,"column":51}},{"start":{"line":19,"column":51},"end":{"line":19,"column":null}},{"start":{"line":20,"column":12},"end":{"line":22,"column":null}}]},"4":{"loc":{"start":{"line":21,"column":30},"end":{"line":21,"column":null}},"type":"cond-expr","locations":[{"start":{"line":21,"column":68},"end":{"line":21,"column":74}},{"start":{"line":21,"column":74},"end":{"line":21,"column":null}}]}},"s":{"0":1,"1":1},"f":{"0":1},"b":{"0":[1,0],"1":[0,0],"2":[0,0],"3":[0,0,0],"4":[0,0]}}
,"/home/alex/School/fall-23/CEN4010/dev/TicTacToe/src/components/GameScreen.tsx": {"path":"/home/alex/School/fall-23/CEN4010/dev/TicTacToe/src/components/GameScreen.tsx","statementMap":{"0":{"start":{"line":25,"column":15},"end":{"line":25,"column":null}},"1":{"start":{"line":26,"column":19},"end":{"line":26,"column":null}},"2":{"start":{"line":27,"column":14},"end":{"line":27,"column":null}},"3":{"start":{"line":28,"column":11},"end":{"line":28,"column":null}},"4":{"start":{"line":29,"column":13},"end":{"line":29,"column":null}},"5":{"start":{"line":31,"column":47},"end":{"line":299,"column":null}},"6":{"start":{"line":33,"column":36},"end":{"line":33,"column":null}},"7":{"start":{"line":34,"column":36},"end":{"line":34,"column":null}},"8":{"start":{"line":35,"column":30},"end":{"line":35,"column":null}},"9":{"start":{"line":36,"column":28},"end":{"line":36,"column":null}},"10":{"start":{"line":37,"column":34},"end":{"line":37,"column":null}},"11":{"start":{"line":38,"column":50},"end":{"line":38,"column":null}},"12":{"start":{"line":39,"column":28},"end":{"line":39,"column":null}},"13":{"start":{"line":41,"column":26},"end":{"line":43,"column":null}},"14":{"start":{"line":42,"column":49},"end":{"line":42,"column":50}},"15":{"start":{"line":45,"column":40},"end":{"line":45,"column":null}},"16":{"start":{"line":46,"column":44},"end":{"line":46,"column":null}},"17":{"start":{"line":54,"column":4},"end":{"line":54,"column":null}},"18":{"start":{"line":55,"column":4},"end":{"line":55,"column":null}},"19":{"start":{"line":56,"column":4},"end":{"line":57,"column":null}},"20":{"start":{"line":56,"column":24},"end":{"line":56,"column":null}},"21":{"start":{"line":57,"column":9},"end":{"line":57,"column":null}},"22":{"start":{"line":58,"column":4},"end":{"line":59,"column":null}},"23":{"start":{"line":58,"column":24},"end":{"line":58,"column":null}},"24":{"start":{"line":59,"column":9},"end":{"line":59,"column":null}},"25":{"start":{"line":60,"column":4},"end":{"line":60,"column":null}},"26":{"start":{"line":61,"column":4},"end":{"line":61,"column":null}},"27":{"start":{"line":64,"column":20},"end":{"line":72,"column":null}},"28":{"start":{"line":65,"column":4},"end":{"line":65,"column":null}},"29":{"start":{"line":65,"column":57},"end":{"line":65,"column":58}},"30":{"start":{"line":66,"column":4},"end":{"line":66,"column":null}},"31":{"start":{"line":67,"column":4},"end":{"line":67,"column":null}},"32":{"start":{"line":69,"column":4},"end":{"line":69,"column":null}},"33":{"start":{"line":70,"column":4},"end":{"line":70,"column":null}},"34":{"start":{"line":71,"column":4},"end":{"line":71,"column":null}},"35":{"start":{"line":75,"column":22},"end":{"line":117,"column":null}},"36":{"start":{"line":77,"column":4},"end":{"line":77,"column":null}},"37":{"start":{"line":80,"column":21},"end":{"line":80,"column":null}},"38":{"start":{"line":81,"column":4},"end":{"line":116,"column":null}},"39":{"start":{"line":82,"column":6},"end":{"line":97,"column":null}},"40":{"start":{"line":82,"column":19},"end":{"line":82,"column":22}},"41":{"start":{"line":83,"column":8},"end":{"line":96,"column":null}},"42":{"start":{"line":83,"column":21},"end":{"line":83,"column":24}},"43":{"start":{"line":84,"column":10},"end":{"line":95,"column":null}},"44":{"start":{"line":85,"column":12},"end":{"line":85,"column":null}},"45":{"start":{"line":86,"column":12},"end":{"line":94,"column":null}},"46":{"start":{"line":99,"column":19},"end":{"line":105,"column":null}},"47":{"start":{"line":106,"column":6},"end":{"line":115,"column":null}},"48":{"start":{"line":107,"column":8},"end":{"line":115,"column":null}},"49":{"start":{"line":119,"column":63},"end":{"line":141,"column":null}},"50":{"start":{"line":120,"column":28},"end":{"line":120,"column":null}},"51":{"start":{"line":121,"column":4},"end":{"line":121,"column":null}},"52":{"start":{"line":121,"column":25},"end":{"line":121,"column":null}},"53":{"start":{"line":122,"column":4},"end":{"line":130,"column":null}},"54":{"start":{"line":131,"column":4},"end":{"line":131,"column":null}},"55":{"start":{"line":131,"column":33},"end":{"line":131,"column":37}},"56":{"start":{"line":132,"column":4},"end":{"line":132,"column":null}},"57":{"start":{"line":140,"column":4},"end":{"line":140,"column":null}},"58":{"start":{"line":144,"column":2},"end":{"line":150,"column":null}},"59":{"start":{"line":145,"column":4},"end":{"line":149,"column":null}},"60":{"start":{"line":146,"column":6},"end":{"line":146,"column":null}},"61":{"start":{"line":147,"column":6},"end":{"line":147,"column":null}},"62":{"start":{"line":148,"column":6},"end":{"line":148,"column":null}},"63":{"start":{"line":152,"column":2},"end":{"line":167,"column":null}},"64":{"start":{"line":153,"column":16},"end":{"line":153,"column":null}},"65":{"start":{"line":154,"column":4},"end":{"line":154,"column":null}},"66":{"start":{"line":155,"column":4},"end":{"line":166,"column":null}},"67":{"start":{"line":156,"column":6},"end":{"line":156,"column":null}},"68":{"start":{"line":157,"column":6},"end":{"line":160,"column":null}},"69":{"start":{"line":158,"column":8},"end":{"line":158,"column":null}},"70":{"start":{"line":159,"column":8},"end":{"line":159,"column":null}},"71":{"start":{"line":161,"column":15},"end":{"line":161,"column":null}},"72":{"start":{"line":162,"column":15},"end":{"line":162,"column":null}},"73":{"start":{"line":163,"column":6},"end":{"line":163,"column":null}},"74":{"start":{"line":163,"column":19},"end":{"line":163,"column":null}},"75":{"start":{"line":164,"column":6},"end":{"line":164,"column":null}},"76":{"start":{"line":164,"column":19},"end":{"line":164,"column":null}},"77":{"start":{"line":165,"column":6},"end":{"line":165,"column":null}},"78":{"start":{"line":168,"column":28},"end":{"line":172,"column":null}},"79":{"start":{"line":169,"column":16},"end":{"line":169,"column":null}},"80":{"start":{"line":170,"column":18},"end":{"line":170,"column":null}},"81":{"start":{"line":170,"column":37},"end":{"line":170,"column":51}},"82":{"start":{"line":171,"column":4},"end":{"line":171,"column":null}},"83":{"start":{"line":171,"column":15},"end":{"line":171,"column":null}},"84":{"start":{"line":173,"column":17},"end":{"line":177,"column":null}},"85":{"start":{"line":174,"column":4},"end":{"line":176,"column":null}},"86":{"start":{"line":178,"column":33},"end":{"line":181,"column":null}},"87":{"start":{"line":179,"column":16},"end":{"line":179,"column":null}},"88":{"start":{"line":180,"column":4},"end":{"line":180,"column":null}},"89":{"start":{"line":182,"column":23},"end":{"line":186,"column":null}},"90":{"start":{"line":183,"column":4},"end":{"line":185,"column":null}},"91":{"start":{"line":188,"column":2},"end":{"line":297,"column":null}},"92":{"start":{"line":217,"column":18},"end":{"line":217,"column":null}},"93":{"start":{"line":229,"column":18},"end":{"line":229,"column":null}},"94":{"start":{"line":244,"column":14},"end":{"line":244,"column":null}},"95":{"start":{"line":250,"column":14},"end":{"line":250,"column":null}},"96":{"start":{"line":265,"column":18},"end":{"line":265,"column":null}}},"fnMap":{"0":{"name":"(anonymous_0)","decl":{"start":{"line":31,"column":47},"end":{"line":31,"column":53}},"loc":{"start":{"line":31,"column":53},"end":{"line":299,"column":null}}},"1":{"name":"(anonymous_1)","decl":{"start":{"line":42,"column":43},"end":{"line":42,"column":49}},"loc":{"start":{"line":42,"column":49},"end":{"line":42,"column":50}}},"2":{"name":"changeCols","decl":{"start":{"line":53,"column":11},"end":{"line":53,"column":22}},"loc":{"start":{"line":53,"column":44},"end":{"line":62,"column":null}}},"3":{"name":"(anonymous_3)","decl":{"start":{"line":64,"column":20},"end":{"line":64,"column":26}},"loc":{"start":{"line":64,"column":26},"end":{"line":72,"column":null}}},"4":{"name":"(anonymous_4)","decl":{"start":{"line":65,"column":51},"end":{"line":65,"column":57}},"loc":{"start":{"line":65,"column":57},"end":{"line":65,"column":58}}},"5":{"name":"(anonymous_5)","decl":{"start":{"line":75,"column":34},"end":{"line":75,"column":40}},"loc":{"start":{"line":75,"column":40},"end":{"line":117,"column":5}}},"6":{"name":"(anonymous_6)","decl":{"start":{"line":119,"column":63},"end":{"line":119,"column":64}},"loc":{"start":{"line":119,"column":70},"end":{"line":141,"column":null}}},"7":{"name":"(anonymous_7)","decl":{"start":{"line":131,"column":24},"end":{"line":131,"column":25}},"loc":{"start":{"line":131,"column":33},"end":{"line":131,"column":37}}},"8":{"name":"(anonymous_8)","decl":{"start":{"line":144,"column":12},"end":{"line":144,"column":18}},"loc":{"start":{"line":144,"column":18},"end":{"line":150,"column":5}}},"9":{"name":"(anonymous_9)","decl":{"start":{"line":152,"column":12},"end":{"line":152,"column":18}},"loc":{"start":{"line":152,"column":18},"end":{"line":167,"column":5}}},"10":{"name":"(anonymous_10)","decl":{"start":{"line":168,"column":28},"end":{"line":168,"column":29}},"loc":{"start":{"line":168,"column":35},"end":{"line":172,"column":null}}},"11":{"name":"(anonymous_11)","decl":{"start":{"line":170,"column":30},"end":{"line":170,"column":31}},"loc":{"start":{"line":170,"column":37},"end":{"line":170,"column":51}}},"12":{"name":"(anonymous_12)","decl":{"start":{"line":173,"column":28},"end":{"line":173,"column":29}},"loc":{"start":{"line":174,"column":4},"end":{"line":176,"column":null}}},"13":{"name":"(anonymous_13)","decl":{"start":{"line":178,"column":33},"end":{"line":178,"column":34}},"loc":{"start":{"line":178,"column":40},"end":{"line":181,"column":null}}},"14":{"name":"(anonymous_14)","decl":{"start":{"line":182,"column":44},"end":{"line":182,"column":45}},"loc":{"start":{"line":183,"column":4},"end":{"line":185,"column":null}}},"15":{"name":"(anonymous_15)","decl":{"start":{"line":216,"column":26},"end":{"line":216,"column":27}},"loc":{"start":{"line":216,"column":33},"end":{"line":218,"column":null}}},"16":{"name":"(anonymous_16)","decl":{"start":{"line":228,"column":26},"end":{"line":228,"column":27}},"loc":{"start":{"line":228,"column":33},"end":{"line":230,"column":null}}},"17":{"name":"(anonymous_17)","decl":{"start":{"line":243,"column":22},"end":{"line":243,"column":23}},"loc":{"start":{"line":243,"column":29},"end":{"line":245,"column":null}}},"18":{"name":"(anonymous_18)","decl":{"start":{"line":249,"column":21},"end":{"line":249,"column":22}},"loc":{"start":{"line":249,"column":28},"end":{"line":251,"column":null}}},"19":{"name":"(anonymous_19)","decl":{"start":{"line":264,"column":26},"end":{"line":264,"column":27}},"loc":{"start":{"line":264,"column":33},"end":{"line":266,"column":null}}}},"branchMap":{"0":{"loc":{"start":{"line":56,"column":4},"end":{"line":57,"column":null}},"type":"if","locations":[{"start":{"line":56,"column":4},"end":{"line":57,"column":null}},{"start":{"line":57,"column":9},"end":{"line":57,"column":null}}]},"1":{"loc":{"start":{"line":58,"column":4},"end":{"line":59,"column":null}},"type":"if","locations":[{"start":{"line":58,"column":4},"end":{"line":59,"column":null}},{"start":{"line":59,"column":9},"end":{"line":59,"column":null}}]},"2":{"loc":{"start":{"line":81,"column":4},"end":{"line":116,"column":null}},"type":"if","locations":[{"start":{"line":81,"column":4},"end":{"line":116,"column":null}},{"start":{"line":98,"column":11},"end":{"line":116,"column":null}}]},"3":{"loc":{"start":{"line":84,"column":10},"end":{"line":95,"column":null}},"type":"if","locations":[{"start":{"line":84,"column":10},"end":{"line":95,"column":null}},{"start":{"line":84,"column":10},"end":{"line":95,"column":null}}]},"4":{"loc":{"start":{"line":106,"column":6},"end":{"line":115,"column":null}},"type":"if","locations":[{"start":{"line":106,"column":6},"end":{"line":115,"column":null}},{"start":{"line":106,"column":6},"end":{"line":115,"column":null}}]},"5":{"loc":{"start":{"line":121,"column":4},"end":{"line":121,"column":null}},"type":"if","locations":[{"start":{"line":121,"column":4},"end":{"line":121,"column":null}},{"start":{"line":121,"column":4},"end":{"line":121,"column":null}}]},"6":{"loc":{"start":{"line":121,"column":8},"end":{"line":121,"column":25}},"type":"binary-expr","locations":[{"start":{"line":121,"column":8},"end":{"line":121,"column":16}},{"start":{"line":121,"column":16},"end":{"line":121,"column":25}}]},"7":{"loc":{"start":{"line":145,"column":4},"end":{"line":149,"column":null}},"type":"if","locations":[{"start":{"line":145,"column":4},"end":{"line":149,"column":null}},{"start":{"line":145,"column":4},"end":{"line":149,"column":null}}]},"8":{"loc":{"start":{"line":145,"column":8},"end":{"line":145,"column":42}},"type":"binary-expr","locations":[{"start":{"line":145,"column":8},"end":{"line":145,"column":29}},{"start":{"line":145,"column":29},"end":{"line":145,"column":42}}]},"9":{"loc":{"start":{"line":155,"column":4},"end":{"line":166,"column":null}},"type":"if","locations":[{"start":{"line":155,"column":4},"end":{"line":166,"column":null}},{"start":{"line":155,"column":4},"end":{"line":166,"column":null}}]},"10":{"loc":{"start":{"line":155,"column":8},"end":{"line":155,"column":62}},"type":"binary-expr","locations":[{"start":{"line":155,"column":8},"end":{"line":155,"column":34}},{"start":{"line":155,"column":34},"end":{"line":155,"column":62}}]},"11":{"loc":{"start":{"line":157,"column":6},"end":{"line":160,"column":null}},"type":"if","locations":[{"start":{"line":157,"column":6},"end":{"line":160,"column":null}},{"start":{"line":157,"column":6},"end":{"line":160,"column":null}}]},"12":{"loc":{"start":{"line":163,"column":6},"end":{"line":163,"column":null}},"type":"if","locations":[{"start":{"line":163,"column":6},"end":{"line":163,"column":null}},{"start":{"line":163,"column":6},"end":{"line":163,"column":null}}]},"13":{"loc":{"start":{"line":164,"column":6},"end":{"line":164,"column":null}},"type":"if","locations":[{"start":{"line":164,"column":6},"end":{"line":164,"column":null}},{"start":{"line":164,"column":6},"end":{"line":164,"column":null}}]},"14":{"loc":{"start":{"line":171,"column":4},"end":{"line":171,"column":null}},"type":"if","locations":[{"start":{"line":171,"column":4},"end":{"line":171,"column":null}},{"start":{"line":171,"column":4},"end":{"line":171,"column":null}}]},"15":{"loc":{"start":{"line":194,"column":25},"end":{"line":194,"column":null}},"type":"binary-expr","locations":[{"start":{"line":194,"column":25},"end":{"line":194,"column":38}},{"start":{"line":194,"column":38},"end":{"line":194,"column":null}}]},"16":{"loc":{"start":{"line":200,"column":25},"end":{"line":200,"column":null}},"type":"binary-expr","locations":[{"start":{"line":200,"column":25},"end":{"line":200,"column":38}},{"start":{"line":200,"column":38},"end":{"line":200,"column":null}}]}},"s":{"0":1,"1":1,"2":1,"3":1,"4":1,"5":1,"6":1,"7":1,"8":1,"9":1,"10":1,"11":1,"12":1,"13":1,"14":9,"15":1,"16":1,"17":0,"18":0,"19":0,"20":0,"21":0,"22":0,"23":0,"24":0,"25":0,"26":0,"27":1,"28":0,"29":0,"30":0,"31":0,"32":0,"33":0,"34":0,"35":1,"36":0,"37":0,"38":0,"39":0,"40":0,"41":0,"42":0,"43":0,"44":0,"45":0,"46":0,"47":0,"48":0,"49":1,"50":0,"51":0,"52":0,"53":0,"54":0,"55":0,"56":0,"57":0,"58":1,"59":1,"60":0,"61":0,"62":0,"63":1,"64":1,"65":1,"66":1,"67":0,"68":0,"69":0,"70":0,"71":0,"72":0,"73":0,"74":0,"75":0,"76":0,"77":0,"78":1,"79":0,"80":0,"81":0,"82":0,"83":0,"84":1,"85":4,"86":1,"87":0,"88":0,"89":1,"90":2,"91":1,"92":0,"93":0,"94":0,"95":0,"96":0},"f":{"0":1,"1":9,"2":0,"3":0,"4":0,"5":0,"6":0,"7":0,"8":1,"9":1,"10":0,"11":0,"12":4,"13":0,"14":2,"15":0,"16":0,"17":0,"18":0,"19":0},"b":{"0":[0,0],"1":[0,0],"2":[0,0],"3":[0,0],"4":[0,0],"5":[0,0],"6":[0,0],"7":[0,1],"8":[1,0],"9":[0,1],"10":[1,1],"11":[0,0],"12":[0,0],"13":[0,0],"14":[0,0],"15":[1,1],"16":[1,1]}}
,"/home/alex/School/fall-23/CEN4010/dev/TicTacToe/src/components/PlayerBox.tsx": {"path":"/home/alex/School/fall-23/CEN4010/dev/TicTacToe/src/components/PlayerBox.tsx","statementMap":{"0":{"start":{"line":9,"column":45},"end":{"line":27,"column":null}},"1":{"start":{"line":15,"column":2},"end":{"line":25,"column":null}}},"fnMap":{"0":{"name":"(anonymous_0)","decl":{"start":{"line":9,"column":45},"end":{"line":9,"column":46}},"loc":{"start":{"line":13,"column":6},"end":{"line":27,"column":null}}}},"branchMap":{"0":{"loc":{"start":{"line":18,"column":8},"end":{"line":18,"column":null}},"type":"binary-expr","locations":[{"start":{"line":18,"column":8},"end":{"line":18,"column":25}},{"start":{"line":18,"column":25},"end":{"line":18,"column":null}}]}},"s":{"0":1,"1":2},"f":{"0":2},"b":{"0":[2,1]}}
,"/home/alex/School/fall-23/CEN4010/dev/TicTacToe/src/components/Tile.tsx": {"path":"/home/alex/School/fall-23/CEN4010/dev/TicTacToe/src/components/Tile.tsx","statementMap":{"0":{"start":{"line":11,"column":35},"end":{"line":37,"column":null}},"1":{"start":{"line":12,"column":63},"end":{"line":18,"column":null}},"2":{"start":{"line":13,"column":4},"end":{"line":16,"column":null}},"3":{"start":{"line":14,"column":6},"end":{"line":14,"column":null}},"4":{"start":{"line":15,"column":6},"end":{"line":15,"column":null}},"5":{"start":{"line":17,"column":4},"end":{"line":17,"column":null}},"6":{"start":{"line":19,"column":2},"end":{"line":35,"column":null}}},"fnMap":{"0":{"name":"(anonymous_0)","decl":{"start":{"line":11,"column":35},"end":{"line":11,"column":36}},"loc":{"start":{"line":11,"column":72},"end":{"line":37,"column":null}}},"1":{"name":"(anonymous_1)","decl":{"start":{"line":12,"column":63},"end":{"line":12,"column":64}},"loc":{"start":{"line":12,"column":70},"end":{"line":18,"column":null}}}},"branchMap":{"0":{"loc":{"start":{"line":13,"column":4},"end":{"line":16,"column":null}},"type":"if","locations":[{"start":{"line":13,"column":4},"end":{"line":16,"column":null}},{"start":{"line":13,"column":4},"end":{"line":16,"column":null}}]},"1":{"loc":{"start":{"line":27,"column":37},"end":{"line":27,"column":72}},"type":"cond-expr","locations":[{"start":{"line":27,"column":59},"end":{"line":27,"column":70}},{"start":{"line":27,"column":70},"end":{"line":27,"column":72}}]},"2":{"loc":{"start":{"line":28,"column":10},"end":{"line":28,"column":null}},"type":"cond-expr","locations":[{"start":{"line":28,"column":33},"end":{"line":28,"column":44}},{"start":{"line":28,"column":44},"end":{"line":28,"column":null}}]},"3":{"loc":{"start":{"line":31,"column":9},"end":{"line":31,"column":null}},"type":"cond-expr","locations":[{"start":{"line":31,"column":32},"end":{"line":31,"column":38}},{"start":{"line":31,"column":38},"end":{"line":31,"column":null}}]},"4":{"loc":{"start":{"line":32,"column":9},"end":{"line":32,"column":null}},"type":"cond-expr","locations":[{"start":{"line":32,"column":32},"end":{"line":32,"column":38}},{"start":{"line":32,"column":38},"end":{"line":32,"column":null}}]},"5":{"loc":{"start":{"line":33,"column":9},"end":{"line":33,"column":null}},"type":"cond-expr","locations":[{"start":{"line":33,"column":33},"end":{"line":33,"column":39}},{"start":{"line":33,"column":39},"end":{"line":33,"column":null}}]}},"s":{"0":2,"1":11,"2":0,"3":0,"4":0,"5":0,"6":11},"f":{"0":11,"1":0},"b":{"0":[0,0],"1":[1,10],"2":[1,10],"3":[1,10],"4":[1,10],"5":[9,2]}}
,"/home/alex/School/fall-23/CEN4010/dev/TicTacToe/src/components/Timer.tsx": {"path":"/home/alex/School/fall-23/CEN4010/dev/TicTacToe/src/components/Timer.tsx","statementMap":{"0":{"start":{"line":8,"column":37},"end":{"line":29,"column":null}},"1":{"start":{"line":9,"column":26},"end":{"line":9,"column":null}},"2":{"start":{"line":10,"column":2},"end":{"line":21,"column":null}},"3":{"start":{"line":11,"column":21},"end":{"line":19,"column":null}},"4":{"start":{"line":12,"column":28},"end":{"line":12,"column":null}},"5":{"start":{"line":13,"column":6},"end":{"line":17,"column":null}},"6":{"start":{"line":14,"column":8},"end":{"line":14,"column":null}},"7":{"start":{"line":15,"column":8},"end":{"line":15,"column":null}},"8":{"start":{"line":16,"column":8},"end":{"line":16,"column":null}},"9":{"start":{"line":18,"column":6},"end":{"line":18,"column":null}},"10":{"start":{"line":20,"column":4},"end":{"line":20,"column":null}},"11":{"start":{"line":20,"column":17},"end":{"line":20,"column":null}},"12":{"start":{"line":22,"column":2},"end":{"line":27,"column":null}}},"fnMap":{"0":{"name":"(anonymous_0)","decl":{"start":{"line":8,"column":37},"end":{"line":8,"column":38}},"loc":{"start":{"line":8,"column":67},"end":{"line":29,"column":null}}},"1":{"name":"(anonymous_1)","decl":{"start":{"line":10,"column":12},"end":{"line":10,"column":18}},"loc":{"start":{"line":10,"column":18},"end":{"line":21,"column":5}}},"2":{"name":"(anonymous_2)","decl":{"start":{"line":11,"column":33},"end":{"line":11,"column":39}},"loc":{"start":{"line":11,"column":39},"end":{"line":19,"column":7}}},"3":{"name":"(anonymous_3)","decl":{"start":{"line":20,"column":11},"end":{"line":20,"column":17}},"loc":{"start":{"line":20,"column":17},"end":{"line":20,"column":null}}}},"branchMap":{"0":{"loc":{"start":{"line":13,"column":6},"end":{"line":17,"column":null}},"type":"if","locations":[{"start":{"line":13,"column":6},"end":{"line":17,"column":null}},{"start":{"line":13,"column":6},"end":{"line":17,"column":null}}]}},"s":{"0":1,"1":1,"2":1,"3":1,"4":0,"5":0,"6":0,"7":0,"8":0,"9":0,"10":1,"11":1,"12":1},"f":{"0":1,"1":1,"2":0,"3":1},"b":{"0":[0,0]}}
,"/home/alex/School/fall-23/CEN4010/dev/TicTacToe/src/lib/AI.ts": {"path":"/home/alex/School/fall-23/CEN4010/dev/TicTacToe/src/lib/AI.ts","statementMap":{"0":{"start":{"line":5,"column":2},"end":{"line":7,"column":null}},"1":{"start":{"line":6,"column":27},"end":{"line":6,"column":58}},"2":{"start":{"line":7,"column":22},"end":{"line":7,"column":40}},"3":{"start":{"line":9,"column":19},"end":{"line":18,"column":null}},"4":{"start":{"line":32,"column":20},"end":{"line":32,"column":null}},"5":{"start":{"line":33,"column":2},"end":{"line":33,"column":null}},"6":{"start":{"line":33,"column":30},"end":{"line":33,"column":null}},"7":{"start":{"line":34,"column":21},"end":{"line":34,"column":null}},"8":{"start":{"line":35,"column":17},"end":{"line":62,"column":null}},"9":{"start":{"line":36,"column":16},"end":{"line":36,"column":null}},"10":{"start":{"line":37,"column":19},"end":{"line":37,"column":null}},"11":{"start":{"line":38,"column":18},"end":{"line":59,"column":null}},"12":{"start":{"line":39,"column":14},"end":{"line":39,"column":null}},"13":{"start":{"line":40,"column":6},"end":{"line":57,"column":null}},"14":{"start":{"line":41,"column":18},"end":{"line":41,"column":null}},"15":{"start":{"line":42,"column":18},"end":{"line":42,"column":null}},"16":{"start":{"line":43,"column":8},"end":{"line":46,"column":null}},"17":{"start":{"line":44,"column":10},"end":{"line":44,"column":null}},"18":{"start":{"line":45,"column":10},"end":{"line":45,"column":null}},"19":{"start":{"line":47,"column":21},"end":{"line":47,"column":null}},"20":{"start":{"line":48,"column":8},"end":{"line":55,"column":null}},"21":{"start":{"line":49,"column":10},"end":{"line":49,"column":null}},"22":{"start":{"line":50,"column":10},"end":{"line":50,"column":null}},"23":{"start":{"line":51,"column":8},"end":{"line":55,"column":null}},"24":{"start":{"line":52,"column":10},"end":{"line":52,"column":null}},"25":{"start":{"line":53,"column":8},"end":{"line":55,"column":null}},"26":{"start":{"line":54,"column":10},"end":{"line":54,"column":null}},"27":{"start":{"line":56,"column":8},"end":{"line":56,"column":null}},"28":{"start":{"line":58,"column":6},"end":{"line":58,"column":null}},"29":{"start":{"line":61,"column":4},"end":{"line":61,"column":null}},"30":{"start":{"line":63,"column":2},"end":{"line":63,"column":null}},"31":{"start":{"line":63,"column":31},"end":{"line":63,"column":48}}},"fnMap":{"0":{"name":"findEmptyCells","decl":{"start":{"line":4,"column":9},"end":{"line":4,"column":24}},"loc":{"start":{"line":4,"column":40},"end":{"line":8,"column":null}}},"1":{"name":"(anonymous_1)","decl":{"start":{"line":6,"column":9},"end":{"line":6,"column":10}},"loc":{"start":{"line":6,"column":27},"end":{"line":6,"column":58}}},"2":{"name":"(anonymous_2)","decl":{"start":{"line":7,"column":12},"end":{"line":7,"column":13}},"loc":{"start":{"line":7,"column":22},"end":{"line":7,"column":40}}},"3":{"name":"calculateBestMove","decl":{"start":{"line":19,"column":16},"end":{"line":19,"column":34}},"loc":{"start":{"line":31,"column":3},"end":{"line":64,"column":null}}},"4":{"name":"(anonymous_4)","decl":{"start":{"line":35,"column":31},"end":{"line":35,"column":32}},"loc":{"start":{"line":35,"column":42},"end":{"line":62,"column":3}}},"5":{"name":"(anonymous_5)","decl":{"start":{"line":38,"column":36},"end":{"line":38,"column":37}},"loc":{"start":{"line":38,"column":55},"end":{"line":59,"column":7}}},"6":{"name":"(anonymous_6)","decl":{"start":{"line":63,"column":21},"end":{"line":63,"column":22}},"loc":{"start":{"line":63,"column":31},"end":{"line":63,"column":48}}}},"branchMap":{"0":{"loc":{"start":{"line":6,"column":27},"end":{"line":6,"column":58}},"type":"cond-expr","locations":[{"start":{"line":6,"column":40},"end":{"line":6,"column":48}},{"start":{"line":6,"column":48},"end":{"line":6,"column":58}}]},"1":{"loc":{"start":{"line":33,"column":2},"end":{"line":33,"column":null}},"type":"if","locations":[{"start":{"line":33,"column":2},"end":{"line":33,"column":null}},{"start":{"line":33,"column":2},"end":{"line":33,"column":null}}]},"2":{"loc":{"start":{"line":40,"column":13},"end":{"line":40,"column":38}},"type":"binary-expr","locations":[{"start":{"line":40,"column":13},"end":{"line":40,"column":22}},{"start":{"line":40,"column":22},"end":{"line":40,"column":38}}]},"3":{"loc":{"start":{"line":43,"column":8},"end":{"line":46,"column":null}},"type":"if","locations":[{"start":{"line":43,"column":8},"end":{"line":46,"column":null}},{"start":{"line":43,"column":8},"end":{"line":46,"column":null}}]},"4":{"loc":{"start":{"line":43,"column":12},"end":{"line":43,"column":64}},"type":"binary-expr","locations":[{"start":{"line":43,"column":12},"end":{"line":43,"column":21}},{"start":{"line":43,"column":21},"end":{"line":43,"column":38}},{"start":{"line":43,"column":38},"end":{"line":43,"column":47}},{"start":{"line":43,"column":47},"end":{"line":43,"column":64}}]},"5":{"loc":{"start":{"line":48,"column":8},"end":{"line":55,"column":null}},"type":"if","locations":[{"start":{"line":48,"column":8},"end":{"line":55,"column":null}},{"start":{"line":51,"column":8},"end":{"line":55,"column":null}}]},"6":{"loc":{"start":{"line":51,"column":8},"end":{"line":55,"column":null}},"type":"if","locations":[{"start":{"line":51,"column":8},"end":{"line":55,"column":null}},{"start":{"line":53,"column":8},"end":{"line":55,"column":null}}]},"7":{"loc":{"start":{"line":53,"column":8},"end":{"line":55,"column":null}},"type":"if","locations":[{"start":{"line":53,"column":8},"end":{"line":55,"column":null}},{"start":{"line":53,"column":8},"end":{"line":55,"column":null}}]}},"s":{"0":3,"1":27,"2":27,"3":2,"4":3,"5":3,"6":0,"7":3,"8":3,"9":18,"10":18,"11":18,"12":144,"13":144,"14":157,"15":157,"16":157,"17":102,"18":102,"19":55,"20":55,"21":13,"22":13,"23":42,"24":26,"25":16,"26":16,"27":42,"28":29,"29":18,"30":3,"31":15},"f":{"0":3,"1":27,"2":27,"3":3,"4":18,"5":144,"6":15},"b":{"0":[18,9],"1":[0,3],"2":[186,160],"3":[102,55],"4":[157,138,75,68],"5":[13,42],"6":[26,16],"7":[16,0]}}
,"/home/alex/School/fall-23/CEN4010/dev/TicTacToe/src/lib/AbstractThemeFactory.ts": {"path":"/home/alex/School/fall-23/CEN4010/dev/TicTacToe/src/lib/AbstractThemeFactory.ts","statementMap":{"0":{"start":{"line":18,"column":9},"end":{"line":18,"column":null}},"1":{"start":{"line":20,"column":4},"end":{"line":20,"column":null}},"2":{"start":{"line":23,"column":4},"end":{"line":23,"column":null}},"3":{"start":{"line":26,"column":4},"end":{"line":26,"column":null}},"4":{"start":{"line":29,"column":4},"end":{"line":29,"column":null}},"5":{"start":{"line":32,"column":4},"end":{"line":32,"column":null}},"6":{"start":{"line":35,"column":4},"end":{"line":35,"column":null}},"7":{"start":{"line":38,"column":4},"end":{"line":38,"column":null}},"8":{"start":{"line":41,"column":4},"end":{"line":41,"column":null}},"9":{"start":{"line":44,"column":4},"end":{"line":44,"column":null}},"10":{"start":{"line":47,"column":4},"end":{"line":47,"column":null}},"11":{"start":{"line":50,"column":4},"end":{"line":50,"column":null}},"12":{"start":{"line":53,"column":4},"end":{"line":53,"column":null}},"13":{"start":{"line":58,"column":9},"end":{"line":58,"column":null}},"14":{"start":{"line":60,"column":4},"end":{"line":60,"column":null}},"15":{"start":{"line":63,"column":4},"end":{"line":63,"column":null}},"16":{"start":{"line":66,"column":4},"end":{"line":66,"column":null}},"17":{"start":{"line":69,"column":4},"end":{"line":69,"column":null}},"18":{"start":{"line":72,"column":4},"end":{"line":72,"column":null}},"19":{"start":{"line":75,"column":4},"end":{"line":75,"column":null}},"20":{"start":{"line":78,"column":4},"end":{"line":78,"column":null}},"21":{"start":{"line":81,"column":4},"end":{"line":81,"column":null}},"22":{"start":{"line":84,"column":4},"end":{"line":84,"column":null}},"23":{"start":{"line":87,"column":4},"end":{"line":87,"column":null}},"24":{"start":{"line":90,"column":4},"end":{"line":90,"column":null}},"25":{"start":{"line":93,"column":4},"end":{"line":93,"column":null}},"26":{"start":{"line":98,"column":9},"end":{"line":98,"column":null}},"27":{"start":{"line":100,"column":4},"end":{"line":100,"column":null}},"28":{"start":{"line":103,"column":4},"end":{"line":103,"column":null}},"29":{"start":{"line":106,"column":4},"end":{"line":106,"column":null}},"30":{"start":{"line":109,"column":4},"end":{"line":109,"column":null}},"31":{"start":{"line":112,"column":4},"end":{"line":112,"column":null}},"32":{"start":{"line":115,"column":4},"end":{"line":115,"column":null}},"33":{"start":{"line":118,"column":4},"end":{"line":118,"column":null}},"34":{"start":{"line":121,"column":4},"end":{"line":121,"column":null}},"35":{"start":{"line":124,"column":4},"end":{"line":124,"column":null}},"36":{"start":{"line":127,"column":4},"end":{"line":127,"column":null}},"37":{"start":{"line":130,"column":4},"end":{"line":130,"column":null}},"38":{"start":{"line":133,"column":4},"end":{"line":133,"column":null}},"39":{"start":{"line":138,"column":9},"end":{"line":138,"column":null}},"40":{"start":{"line":140,"column":4},"end":{"line":140,"column":null}},"41":{"start":{"line":143,"column":4},"end":{"line":143,"column":null}},"42":{"start":{"line":146,"column":4},"end":{"line":146,"column":null}},"43":{"start":{"line":149,"column":4},"end":{"line":149,"column":null}},"44":{"start":{"line":152,"column":4},"end":{"line":152,"column":null}},"45":{"start":{"line":155,"column":4},"end":{"line":155,"column":null}},"46":{"start":{"line":158,"column":4},"end":{"line":158,"column":null}},"47":{"start":{"line":161,"column":4},"end":{"line":161,"column":null}},"48":{"start":{"line":164,"column":4},"end":{"line":164,"column":null}},"49":{"start":{"line":167,"column":4},"end":{"line":167,"column":null}},"50":{"start":{"line":170,"column":4},"end":{"line":170,"column":null}},"51":{"start":{"line":173,"column":4},"end":{"line":173,"column":null}},"52":{"start":{"line":178,"column":17},"end":{"line":191,"column":null}},"53":{"start":{"line":192,"column":2},"end":{"line":194,"column":null}},"54":{"start":{"line":193,"column":4},"end":{"line":193,"column":null}}},"fnMap":{"0":{"name":"(anonymous_0)","decl":{"start":{"line":19,"column":2},"end":{"line":19,"column":9}},"loc":{"start":{"line":19,"column":9},"end":{"line":21,"column":null}}},"1":{"name":"(anonymous_1)","decl":{"start":{"line":22,"column":2},"end":{"line":22,"column":7}},"loc":{"start":{"line":22,"column":7},"end":{"line":24,"column":null}}},"2":{"name":"(anonymous_2)","decl":{"start":{"line":25,"column":2},"end":{"line":25,"column":9}},"loc":{"start":{"line":25,"column":9},"end":{"line":27,"column":null}}},"3":{"name":"(anonymous_3)","decl":{"start":{"line":28,"column":2},"end":{"line":28,"column":9}},"loc":{"start":{"line":28,"column":9},"end":{"line":30,"column":null}}},"4":{"name":"(anonymous_4)","decl":{"start":{"line":31,"column":2},"end":{"line":31,"column":12}},"loc":{"start":{"line":31,"column":12},"end":{"line":33,"column":null}}},"5":{"name":"(anonymous_5)","decl":{"start":{"line":34,"column":2},"end":{"line":34,"column":6}},"loc":{"start":{"line":34,"column":6},"end":{"line":36,"column":null}}},"6":{"name":"(anonymous_6)","decl":{"start":{"line":37,"column":2},"end":{"line":37,"column":6}},"loc":{"start":{"line":37,"column":6},"end":{"line":39,"column":null}}},"7":{"name":"(anonymous_7)","decl":{"start":{"line":40,"column":2},"end":{"line":40,"column":10}},"loc":{"start":{"line":40,"column":10},"end":{"line":42,"column":null}}},"8":{"name":"(anonymous_8)","decl":{"start":{"line":43,"column":2},"end":{"line":43,"column":10}},"loc":{"start":{"line":43,"column":10},"end":{"line":45,"column":null}}},"9":{"name":"(anonymous_9)","decl":{"start":{"line":46,"column":2},"end":{"line":46,"column":14}},"loc":{"start":{"line":46,"column":14},"end":{"line":48,"column":null}}},"10":{"name":"(anonymous_10)","decl":{"start":{"line":49,"column":2},"end":{"line":49,"column":11}},"loc":{"start":{"line":49,"column":11},"end":{"line":51,"column":null}}},"11":{"name":"(anonymous_11)","decl":{"start":{"line":52,"column":2},"end":{"line":52,"column":15}},"loc":{"start":{"line":52,"column":15},"end":{"line":54,"column":null}}},"12":{"name":"(anonymous_12)","decl":{"start":{"line":59,"column":2},"end":{"line":59,"column":9}},"loc":{"start":{"line":59,"column":9},"end":{"line":61,"column":null}}},"13":{"name":"(anonymous_13)","decl":{"start":{"line":62,"column":2},"end":{"line":62,"column":7}},"loc":{"start":{"line":62,"column":7},"end":{"line":64,"column":null}}},"14":{"name":"(anonymous_14)","decl":{"start":{"line":65,"column":2},"end":{"line":65,"column":9}},"loc":{"start":{"line":65,"column":9},"end":{"line":67,"column":null}}},"15":{"name":"(anonymous_15)","decl":{"start":{"line":68,"column":2},"end":{"line":68,"column":9}},"loc":{"start":{"line":68,"column":9},"end":{"line":70,"column":null}}},"16":{"name":"(anonymous_16)","decl":{"start":{"line":71,"column":2},"end":{"line":71,"column":12}},"loc":{"start":{"line":71,"column":12},"end":{"line":73,"column":null}}},"17":{"name":"(anonymous_17)","decl":{"start":{"line":74,"column":2},"end":{"line":74,"column":6}},"loc":{"start":{"line":74,"column":6},"end":{"line":76,"column":null}}},"18":{"name":"(anonymous_18)","decl":{"start":{"line":77,"column":2},"end":{"line":77,"column":6}},"loc":{"start":{"line":77,"column":6},"end":{"line":79,"column":null}}},"19":{"name":"(anonymous_19)","decl":{"start":{"line":80,"column":2},"end":{"line":80,"column":10}},"loc":{"start":{"line":80,"column":10},"end":{"line":82,"column":null}}},"20":{"name":"(anonymous_20)","decl":{"start":{"line":83,"column":2},"end":{"line":83,"column":10}},"loc":{"start":{"line":83,"column":10},"end":{"line":85,"column":null}}},"21":{"name":"(anonymous_21)","decl":{"start":{"line":86,"column":2},"end":{"line":86,"column":14}},"loc":{"start":{"line":86,"column":14},"end":{"line":88,"column":null}}},"22":{"name":"(anonymous_22)","decl":{"start":{"line":89,"column":2},"end":{"line":89,"column":11}},"loc":{"start":{"line":89,"column":11},"end":{"line":91,"column":null}}},"23":{"name":"(anonymous_23)","decl":{"start":{"line":92,"column":2},"end":{"line":92,"column":15}},"loc":{"start":{"line":92,"column":15},"end":{"line":94,"column":null}}},"24":{"name":"(anonymous_24)","decl":{"start":{"line":99,"column":2},"end":{"line":99,"column":9}},"loc":{"start":{"line":99,"column":9},"end":{"line":101,"column":null}}},"25":{"name":"(anonymous_25)","decl":{"start":{"line":102,"column":2},"end":{"line":102,"column":7}},"loc":{"start":{"line":102,"column":7},"end":{"line":104,"column":null}}},"26":{"name":"(anonymous_26)","decl":{"start":{"line":105,"column":2},"end":{"line":105,"column":9}},"loc":{"start":{"line":105,"column":9},"end":{"line":107,"column":null}}},"27":{"name":"(anonymous_27)","decl":{"start":{"line":108,"column":2},"end":{"line":108,"column":9}},"loc":{"start":{"line":108,"column":9},"end":{"line":110,"column":null}}},"28":{"name":"(anonymous_28)","decl":{"start":{"line":111,"column":2},"end":{"line":111,"column":12}},"loc":{"start":{"line":111,"column":12},"end":{"line":113,"column":null}}},"29":{"name":"(anonymous_29)","decl":{"start":{"line":114,"column":2},"end":{"line":114,"column":6}},"loc":{"start":{"line":114,"column":6},"end":{"line":116,"column":null}}},"30":{"name":"(anonymous_30)","decl":{"start":{"line":117,"column":2},"end":{"line":117,"column":6}},"loc":{"start":{"line":117,"column":6},"end":{"line":119,"column":null}}},"31":{"name":"(anonymous_31)","decl":{"start":{"line":120,"column":2},"end":{"line":120,"column":10}},"loc":{"start":{"line":120,"column":10},"end":{"line":122,"column":null}}},"32":{"name":"(anonymous_32)","decl":{"start":{"line":123,"column":2},"end":{"line":123,"column":10}},"loc":{"start":{"line":123,"column":10},"end":{"line":125,"column":null}}},"33":{"name":"(anonymous_33)","decl":{"start":{"line":126,"column":2},"end":{"line":126,"column":14}},"loc":{"start":{"line":126,"column":14},"end":{"line":128,"column":null}}},"34":{"name":"(anonymous_34)","decl":{"start":{"line":129,"column":2},"end":{"line":129,"column":11}},"loc":{"start":{"line":129,"column":11},"end":{"line":131,"column":null}}},"35":{"name":"(anonymous_35)","decl":{"start":{"line":132,"column":2},"end":{"line":132,"column":15}},"loc":{"start":{"line":132,"column":15},"end":{"line":134,"column":null}}},"36":{"name":"(anonymous_36)","decl":{"start":{"line":139,"column":2},"end":{"line":139,"column":9}},"loc":{"start":{"line":139,"column":9},"end":{"line":141,"column":null}}},"37":{"name":"(anonymous_37)","decl":{"start":{"line":142,"column":2},"end":{"line":142,"column":7}},"loc":{"start":{"line":142,"column":7},"end":{"line":144,"column":null}}},"38":{"name":"(anonymous_38)","decl":{"start":{"line":145,"column":2},"end":{"line":145,"column":9}},"loc":{"start":{"line":145,"column":9},"end":{"line":147,"column":null}}},"39":{"name":"(anonymous_39)","decl":{"start":{"line":148,"column":2},"end":{"line":148,"column":9}},"loc":{"start":{"line":148,"column":9},"end":{"line":150,"column":null}}},"40":{"name":"(anonymous_40)","decl":{"start":{"line":151,"column":2},"end":{"line":151,"column":12}},"loc":{"start":{"line":151,"column":12},"end":{"line":153,"column":null}}},"41":{"name":"(anonymous_41)","decl":{"start":{"line":154,"column":2},"end":{"line":154,"column":6}},"loc":{"start":{"line":154,"column":6},"end":{"line":156,"column":null}}},"42":{"name":"(anonymous_42)","decl":{"start":{"line":157,"column":2},"end":{"line":157,"column":6}},"loc":{"start":{"line":157,"column":6},"end":{"line":159,"column":null}}},"43":{"name":"(anonymous_43)","decl":{"start":{"line":160,"column":2},"end":{"line":160,"column":10}},"loc":{"start":{"line":160,"column":10},"end":{"line":162,"column":null}}},"44":{"name":"(anonymous_44)","decl":{"start":{"line":163,"column":2},"end":{"line":163,"column":10}},"loc":{"start":{"line":163,"column":10},"end":{"line":165,"column":null}}},"45":{"name":"(anonymous_45)","decl":{"start":{"line":166,"column":2},"end":{"line":166,"column":14}},"loc":{"start":{"line":166,"column":14},"end":{"line":168,"column":null}}},"46":{"name":"(anonymous_46)","decl":{"start":{"line":169,"column":2},"end":{"line":169,"column":11}},"loc":{"start":{"line":169,"column":11},"end":{"line":171,"column":null}}},"47":{"name":"(anonymous_47)","decl":{"start":{"line":172,"column":2},"end":{"line":172,"column":15}},"loc":{"start":{"line":172,"column":15},"end":{"line":174,"column":null}}},"48":{"name":"makeTheme","decl":{"start":{"line":177,"column":16},"end":{"line":177,"column":26}},"loc":{"start":{"line":177,"column":44},"end":{"line":195,"column":null}}},"49":{"name":"(anonymous_49)","decl":{"start":{"line":192,"column":33},"end":{"line":192,"column":34}},"loc":{"start":{"line":192,"column":45},"end":{"line":194,"column":3}}}},"branchMap":{},"s":{"0":1,"1":1,"2":1,"3":1,"4":1,"5":1,"6":1,"7":1,"8":1,"9":1,"10":1,"11":1,"12":1,"13":1,"14":1,"15":1,"16":1,"17":1,"18":1,"19":1,"20":1,"21":1,"22":1,"23":1,"24":1,"25":1,"26":1,"27":1,"28":1,"29":1,"30":1,"31":1,"32":1,"33":1,"34":1,"35":1,"36":1,"37":1,"38":1,"39":1,"40":1,"41":1,"42":1,"43":1,"44":1,"45":1,"46":1,"47":1,"48":1,"49":1,"50":1,"51":1,"52":4,"53":4,"54":48},"f":{"0":1,"1":1,"2":1,"3":1,"4":1,"5":1,"6":1,"7":1,"8":1,"9":1,"10":1,"11":1,"12":1,"13":1,"14":1,"15":1,"16":1,"17":1,"18":1,"19":1,"20":1,"21":1,"22":1,"23":1,"24":1,"25":1,"26":1,"27":1,"28":1,"29":1,"30":1,"31":1,"32":1,"33":1,"34":1,"35":1,"36":1,"37":1,"38":1,"39":1,"40":1,"41":1,"42":1,"43":1,"44":1,"45":1,"46":1,"47":1,"48":4,"49":48},"b":{}}
,"/home/alex/School/fall-23/CEN4010/dev/TicTacToe/src/lib/GameLogic.ts": {"path":"/home/alex/School/fall-23/CEN4010/dev/TicTacToe/src/lib/GameLogic.ts","statementMap":{"0":{"start":{"line":26,"column":16},"end":{"line":26,"column":null}},"1":{"start":{"line":27,"column":17},"end":{"line":27,"column":null}},"2":{"start":{"line":28,"column":15},"end":{"line":28,"column":null}},"3":{"start":{"line":29,"column":2},"end":{"line":29,"column":null}},"4":{"start":{"line":30,"column":2},"end":{"line":30,"column":null}},"5":{"start":{"line":38,"column":20},"end":{"line":38,"column":null}},"6":{"start":{"line":38,"column":39},"end":{"line":38,"column":56}},"7":{"start":{"line":39,"column":2},"end":{"line":42,"column":null}},"8":{"start":{"line":39,"column":15},"end":{"line":39,"column":18}},"9":{"start":{"line":40,"column":16},"end":{"line":40,"column":null}},"10":{"start":{"line":41,"column":4},"end":{"line":41,"column":null}},"11":{"start":{"line":41,"column":19},"end":{"line":41,"column":null}},"12":{"start":{"line":43,"column":2},"end":{"line":43,"column":null}},"13":{"start":{"line":43,"column":33},"end":{"line":43,"column":null}},"14":{"start":{"line":44,"column":2},"end":{"line":44,"column":null}},"15":{"start":{"line":52,"column":2},"end":{"line":52,"column":null}},"16":{"start":{"line":52,"column":43},"end":{"line":52,"column":null}},"17":{"start":{"line":53,"column":21},"end":{"line":53,"column":null}},"18":{"start":{"line":54,"column":14},"end":{"line":54,"column":null}},"19":{"start":{"line":55,"column":17},"end":{"line":55,"column":null}},"20":{"start":{"line":56,"column":13},"end":{"line":56,"column":null}},"21":{"start":{"line":57,"column":2},"end":{"line":57,"column":null}},"22":{"start":{"line":57,"column":34},"end":{"line":57,"column":null}},"23":{"start":{"line":58,"column":15},"end":{"line":58,"column":null}},"24":{"start":{"line":59,"column":2},"end":{"line":59,"column":null}},"25":{"start":{"line":59,"column":36},"end":{"line":59,"column":null}},"26":{"start":{"line":60,"column":18},"end":{"line":60,"column":null}},"27":{"start":{"line":61,"column":2},"end":{"line":61,"column":null}},"28":{"start":{"line":61,"column":39},"end":{"line":61,"column":null}},"29":{"start":{"line":62,"column":18},"end":{"line":62,"column":null}},"30":{"start":{"line":63,"column":2},"end":{"line":63,"column":null}},"31":{"start":{"line":63,"column":39},"end":{"line":63,"column":null}},"32":{"start":{"line":64,"column":2},"end":{"line":64,"column":null}},"33":{"start":{"line":72,"column":18},"end":{"line":72,"column":null}},"34":{"start":{"line":74,"column":2},"end":{"line":74,"column":null}},"35":{"start":{"line":74,"column":37},"end":{"line":74,"column":null}},"36":{"start":{"line":75,"column":14},"end":{"line":75,"column":null}},"37":{"start":{"line":76,"column":2},"end":{"line":79,"column":null}},"38":{"start":{"line":76,"column":15},"end":{"line":76,"column":18}},"39":{"start":{"line":77,"column":17},"end":{"line":77,"column":null}},"40":{"start":{"line":78,"column":4},"end":{"line":78,"column":null}},"41":{"start":{"line":78,"column":24},"end":{"line":78,"column":null}},"42":{"start":{"line":81,"column":2},"end":{"line":81,"column":null}},"43":{"start":{"line":89,"column":15},"end":{"line":89,"column":null}},"44":{"start":{"line":90,"column":2},"end":{"line":90,"column":null}},"45":{"start":{"line":90,"column":31},"end":{"line":90,"column":null}},"46":{"start":{"line":91,"column":14},"end":{"line":91,"column":null}},"47":{"start":{"line":92,"column":2},"end":{"line":97,"column":null}},"48":{"start":{"line":92,"column":15},"end":{"line":92,"column":18}},"49":{"start":{"line":93,"column":4},"end":{"line":96,"column":null}},"50":{"start":{"line":94,"column":19},"end":{"line":94,"column":null}},"51":{"start":{"line":95,"column":6},"end":{"line":95,"column":null}},"52":{"start":{"line":95,"column":26},"end":{"line":95,"column":null}},"53":{"start":{"line":99,"column":2},"end":{"line":99,"column":null}},"54":{"start":{"line":107,"column":18},"end":{"line":107,"column":null}},"55":{"start":{"line":108,"column":2},"end":{"line":108,"column":null}},"56":{"start":{"line":108,"column":41},"end":{"line":108,"column":null}},"57":{"start":{"line":109,"column":2},"end":{"line":109,"column":null}},"58":{"start":{"line":109,"column":48},"end":{"line":109,"column":null}},"59":{"start":{"line":111,"column":14},"end":{"line":111,"column":null}},"60":{"start":{"line":112,"column":2},"end":{"line":117,"column":null}},"61":{"start":{"line":112,"column":15},"end":{"line":112,"column":18}},"62":{"start":{"line":113,"column":4},"end":{"line":116,"column":null}},"63":{"start":{"line":114,"column":19},"end":{"line":114,"column":null}},"64":{"start":{"line":115,"column":6},"end":{"line":115,"column":null}},"65":{"start":{"line":115,"column":26},"end":{"line":115,"column":null}},"66":{"start":{"line":119,"column":2},"end":{"line":119,"column":null}},"67":{"start":{"line":127,"column":15},"end":{"line":127,"column":null}},"68":{"start":{"line":128,"column":2},"end":{"line":128,"column":null}},"69":{"start":{"line":128,"column":27},"end":{"line":128,"column":null}},"70":{"start":{"line":129,"column":2},"end":{"line":129,"column":null}},"71":{"start":{"line":129,"column":31},"end":{"line":129,"column":null}},"72":{"start":{"line":130,"column":14},"end":{"line":130,"column":null}},"73":{"start":{"line":131,"column":2},"end":{"line":136,"column":null}},"74":{"start":{"line":131,"column":15},"end":{"line":131,"column":18}},"75":{"start":{"line":132,"column":4},"end":{"line":135,"column":null}},"76":{"start":{"line":133,"column":19},"end":{"line":133,"column":null}},"77":{"start":{"line":134,"column":6},"end":{"line":134,"column":null}},"78":{"start":{"line":134,"column":26},"end":{"line":134,"column":null}},"79":{"start":{"line":138,"column":2},"end":{"line":138,"column":null}},"80":{"start":{"line":141,"column":29},"end":{"line":141,"column":null}},"81":{"start":{"line":144,"column":2},"end":{"line":151,"column":null}},"82":{"start":{"line":145,"column":4},"end":{"line":148,"column":null}},"83":{"start":{"line":146,"column":6},"end":{"line":146,"column":null}},"84":{"start":{"line":147,"column":6},"end":{"line":147,"column":null}},"85":{"start":{"line":150,"column":4},"end":{"line":150,"column":null}},"86":{"start":{"line":153,"column":2},"end":{"line":153,"column":null}}},"fnMap":{"0":{"name":"claimTile","decl":{"start":{"line":13,"column":16},"end":{"line":13,"column":26}},"loc":{"start":{"line":25,"column":3},"end":{"line":31,"column":null}}},"1":{"name":"checkEndGame","decl":{"start":{"line":33,"column":16},"end":{"line":33,"column":null}},"loc":{"start":{"line":37,"column":15},"end":{"line":45,"column":null}}},"2":{"name":"(anonymous_2)","decl":{"start":{"line":38,"column":32},"end":{"line":38,"column":33}},"loc":{"start":{"line":38,"column":39},"end":{"line":38,"column":56}}},"3":{"name":"checkTile","decl":{"start":{"line":46,"column":16},"end":{"line":46,"column":null}},"loc":{"start":{"line":51,"column":15},"end":{"line":65,"column":null}}},"4":{"name":"checkHz","decl":{"start":{"line":66,"column":9},"end":{"line":66,"column":null}},"loc":{"start":{"line":71,"column":2},"end":{"line":82,"column":null}}},"5":{"name":"checkVert","decl":{"start":{"line":83,"column":9},"end":{"line":83,"column":null}},"loc":{"start":{"line":88,"column":2},"end":{"line":100,"column":null}}},"6":{"name":"checkFwdDiag","decl":{"start":{"line":101,"column":9},"end":{"line":101,"column":null}},"loc":{"start":{"line":106,"column":2},"end":{"line":120,"column":null}}},"7":{"name":"checkBwdDiag","decl":{"start":{"line":121,"column":9},"end":{"line":121,"column":null}},"loc":{"start":{"line":126,"column":2},"end":{"line":139,"column":null}}},"8":{"name":"listToMatrix","decl":{"start":{"line":140,"column":16},"end":{"line":140,"column":29}},"loc":{"start":{"line":140,"column":74},"end":{"line":154,"column":null}}}},"branchMap":{"0":{"loc":{"start":{"line":27,"column":17},"end":{"line":27,"column":null}},"type":"cond-expr","locations":[{"start":{"line":27,"column":29},"end":{"line":27,"column":42}},{"start":{"line":27,"column":42},"end":{"line":27,"column":null}}]},"1":{"loc":{"start":{"line":41,"column":4},"end":{"line":41,"column":null}},"type":"if","locations":[{"start":{"line":41,"column":4},"end":{"line":41,"column":null}},{"start":{"line":41,"column":4},"end":{"line":41,"column":null}}]},"2":{"loc":{"start":{"line":43,"column":2},"end":{"line":43,"column":null}},"type":"if","locations":[{"start":{"line":43,"column":2},"end":{"line":43,"column":null}},{"start":{"line":43,"column":2},"end":{"line":43,"column":null}}]},"3":{"loc":{"start":{"line":52,"column":2},"end":{"line":52,"column":null}},"type":"if","locations":[{"start":{"line":52,"column":2},"end":{"line":52,"column":null}},{"start":{"line":52,"column":2},"end":{"line":52,"column":null}}]},"4":{"loc":{"start":{"line":57,"column":2},"end":{"line":57,"column":null}},"type":"if","locations":[{"start":{"line":57,"column":2},"end":{"line":57,"column":null}},{"start":{"line":57,"column":2},"end":{"line":57,"column":null}}]},"5":{"loc":{"start":{"line":59,"column":2},"end":{"line":59,"column":null}},"type":"if","locations":[{"start":{"line":59,"column":2},"end":{"line":59,"column":null}},{"start":{"line":59,"column":2},"end":{"line":59,"column":null}}]},"6":{"loc":{"start":{"line":61,"column":2},"end":{"line":61,"column":null}},"type":"if","locations":[{"start":{"line":61,"column":2},"end":{"line":61,"column":null}},{"start":{"line":61,"column":2},"end":{"line":61,"column":null}}]},"7":{"loc":{"start":{"line":63,"column":2},"end":{"line":63,"column":null}},"type":"if","locations":[{"start":{"line":63,"column":2},"end":{"line":63,"column":null}},{"start":{"line":63,"column":2},"end":{"line":63,"column":null}}]},"8":{"loc":{"start":{"line":74,"column":2},"end":{"line":74,"column":null}},"type":"if","locations":[{"start":{"line":74,"column":2},"end":{"line":74,"column":null}},{"start":{"line":74,"column":2},"end":{"line":74,"column":null}}]},"9":{"loc":{"start":{"line":78,"column":4},"end":{"line":78,"column":null}},"type":"if","locations":[{"start":{"line":78,"column":4},"end":{"line":78,"column":null}},{"start":{"line":78,"column":4},"end":{"line":78,"column":null}}]},"10":{"loc":{"start":{"line":90,"column":2},"end":{"line":90,"column":null}},"type":"if","locations":[{"start":{"line":90,"column":2},"end":{"line":90,"column":null}},{"start":{"line":90,"column":2},"end":{"line":90,"column":null}}]},"11":{"loc":{"start":{"line":93,"column":4},"end":{"line":96,"column":null}},"type":"if","locations":[{"start":{"line":93,"column":4},"end":{"line":96,"column":null}},{"start":{"line":93,"column":4},"end":{"line":96,"column":null}}]},"12":{"loc":{"start":{"line":95,"column":6},"end":{"line":95,"column":null}},"type":"if","locations":[{"start":{"line":95,"column":6},"end":{"line":95,"column":null}},{"start":{"line":95,"column":6},"end":{"line":95,"column":null}}]},"13":{"loc":{"start":{"line":108,"column":2},"end":{"line":108,"column":null}},"type":"if","locations":[{"start":{"line":108,"column":2},"end":{"line":108,"column":null}},{"start":{"line":108,"column":2},"end":{"line":108,"column":null}}]},"14":{"loc":{"start":{"line":109,"column":2},"end":{"line":109,"column":null}},"type":"if","locations":[{"start":{"line":109,"column":2},"end":{"line":109,"column":null}},{"start":{"line":109,"column":2},"end":{"line":109,"column":null}}]},"15":{"loc":{"start":{"line":113,"column":4},"end":{"line":116,"column":null}},"type":"if","locations":[{"start":{"line":113,"column":4},"end":{"line":116,"column":null}},{"start":{"line":113,"column":4},"end":{"line":116,"column":null}}]},"16":{"loc":{"start":{"line":115,"column":6},"end":{"line":115,"column":null}},"type":"if","locations":[{"start":{"line":115,"column":6},"end":{"line":115,"column":null}},{"start":{"line":115,"column":6},"end":{"line":115,"column":null}}]},"17":{"loc":{"start":{"line":128,"column":2},"end":{"line":128,"column":null}},"type":"if","locations":[{"start":{"line":128,"column":2},"end":{"line":128,"column":null}},{"start":{"line":128,"column":2},"end":{"line":128,"column":null}}]},"18":{"loc":{"start":{"line":129,"column":2},"end":{"line":129,"column":null}},"type":"if","locations":[{"start":{"line":129,"column":2},"end":{"line":129,"column":null}},{"start":{"line":129,"column":2},"end":{"line":129,"column":null}}]},"19":{"loc":{"start":{"line":132,"column":4},"end":{"line":135,"column":null}},"type":"if","locations":[{"start":{"line":132,"column":4},"end":{"line":135,"column":null}},{"start":{"line":132,"column":4},"end":{"line":135,"column":null}}]},"20":{"loc":{"start":{"line":134,"column":6},"end":{"line":134,"column":null}},"type":"if","locations":[{"start":{"line":134,"column":6},"end":{"line":134,"column":null}},{"start":{"line":134,"column":6},"end":{"line":134,"column":null}}]},"21":{"loc":{"start":{"line":145,"column":4},"end":{"line":148,"column":null}},"type":"if","locations":[{"start":{"line":145,"column":4},"end":{"line":148,"column":null}},{"start":{"line":145,"column":4},"end":{"line":148,"column":null}}]}},"s":{"0":0,"1":0,"2":0,"3":0,"4":0,"5":9,"6":81,"7":9,"8":9,"9":38,"10":38,"11":6,"12":3,"13":0,"14":3,"15":38,"16":30,"17":8,"18":8,"19":8,"20":8,"21":8,"22":0,"23":8,"24":8,"25":2,"26":6,"27":6,"28":2,"29":4,"30":4,"31":2,"32":2,"33":8,"34":8,"35":2,"36":6,"37":6,"38":6,"39":12,"40":12,"41":9,"42":6,"43":8,"44":8,"45":0,"46":8,"47":8,"48":8,"49":16,"50":10,"51":10,"52":6,"53":8,"54":6,"55":6,"56":2,"57":4,"58":0,"59":4,"60":4,"61":4,"62":8,"63":7,"64":7,"65":2,"66":4,"67":4,"68":4,"69":2,"70":2,"71":0,"72":2,"73":2,"74":2,"75":4,"76":4,"77":4,"78":0,"79":2,"80":11,"81":11,"82":99,"83":33,"84":33,"85":99,"86":11},"f":{"0":0,"1":9,"2":81,"3":38,"4":8,"5":8,"6":6,"7":4,"8":11},"b":{"0":[0,0],"1":[6,32],"2":[0,3],"3":[30,8],"4":[0,8],"5":[2,6],"6":[2,4],"7":[2,2],"8":[2,6],"9":[9,3],"10":[0,8],"11":[10,6],"12":[6,4],"13":[2,4],"14":[0,4],"15":[7,1],"16":[2,5],"17":[2,2],"18":[0,2],"19":[4,0],"20":[0,4],"21":[33,66]}}
,"/home/alex/School/fall-23/CEN4010/dev/TicTacToe/src/lib/utils.ts": {"path":"/home/alex/School/fall-23/CEN4010/dev/TicTacToe/src/lib/utils.ts","statementMap":{"0":{"start":{"line":2,"column":2},"end":{"line":2,"column":null}},"1":{"start":{"line":5,"column":2},"end":{"line":5,"column":null}},"2":{"start":{"line":8,"column":2},"end":{"line":8,"column":null}},"3":{"start":{"line":11,"column":2},"end":{"line":11,"column":null}},"4":{"start":{"line":11,"column":54},"end":{"line":11,"column":55}}},"fnMap":{"0":{"name":"getTileIndex","decl":{"start":{"line":1,"column":16},"end":{"line":1,"column":29}},"loc":{"start":{"line":1,"column":75},"end":{"line":3,"column":null}}},"1":{"name":"getRow","decl":{"start":{"line":4,"column":16},"end":{"line":4,"column":23}},"loc":{"start":{"line":4,"column":55},"end":{"line":6,"column":null}}},"2":{"name":"getColumn","decl":{"start":{"line":7,"column":16},"end":{"line":7,"column":26}},"loc":{"start":{"line":7,"column":58},"end":{"line":9,"column":null}}},"3":{"name":"createGame","decl":{"start":{"line":10,"column":16},"end":{"line":10,"column":27}},"loc":{"start":{"line":10,"column":58},"end":{"line":12,"column":null}}},"4":{"name":"(anonymous_4)","decl":{"start":{"line":11,"column":48},"end":{"line":11,"column":54}},"loc":{"start":{"line":11,"column":54},"end":{"line":11,"column":55}}}},"branchMap":{},"s":{"0":0,"1":35,"2":35,"3":2,"4":18},"f":{"0":0,"1":35,"2":35,"3":2,"4":18},"b":{}}
}
